array (
  'request' => 'GET /assets/mediadb/services/authentication/login?id=admin&password=admin HTTP/1.1
Host: em9dev.entermediadb.org
Accept: */*
Referer: http://em9dev.entermediadb.org/assets/mediadb/services/authentication/login?id=admin&password=admin
Content-Type: application/x-www-form-urlencoded
Content-Type: application/json

',
  'request_body' => 
  Closure::__set_state(array(
  )),
  'response' => 
  array (
    0 => 200,
    1 => '{
	"response":
	{
		"status":"ok",
		"user":"admin"
	},
	"results": 
	{ 
		"entermediakey": "adminmd5421c0af185908a6c0c40d50fd5e3f16760d5580bc",
		"firstname": "The",
		"lastname" : "Administrator",
		"email" : "cburkey@openedit.org",
		"screenname" : "admin"
	}
}
',
  ),
  'response_headers' => 'HTTP/1.1 301 Moved Permanently
Server: nginx/1.10.0
Date: Tue, 22 Jan 2019 00:58:08 GMT
Content-Type: text/html
Content-Length: 185
Connection: keep-alive
Location: https://em9dev.entermediadb.org/assets/mediadb/services/authentication/login?id=admin&password=admin

HTTP/1.1 200 
Server: nginx/1.10.0
Date: Tue, 22 Jan 2019 00:58:08 GMT
Content-Type: text/json;charset=UTF-8
Transfer-Encoding: chunked
Connection: keep-alive
Cache-Control: proxy-revalidate
Set-Cookie: JSESSIONID=5B8CC0F597EA7955EF7E4E644F31BCCE; Path=/; HttpOnly
Access-Control-Allow-Origin: *

',
)

array (
  'request' => 'GET /assets/mediadb/services/authentication/login?id=admin&password=admin HTTP/1.1
Host: em9dev.entermediadb.org
Accept: */*
Referer: http://em9dev.entermediadb.org/assets/mediadb/services/authentication/login?id=admin&password=admin
Content-Type: application/x-www-form-urlencoded
Content-Type: application/json

',
  'request_body' => 
  Closure::__set_state(array(
  )),
  'response' => 
  array (
    0 => 200,
    1 => '{
	"response":
	{
		"status":"ok",
		"user":"admin"
	},
	"results": 
	{ 
		"entermediakey": "adminmd5421c0af185908a6c0c40d50fd5e3f16760d5580bc",
		"firstname": "The",
		"lastname" : "Administrator",
		"email" : "cburkey@openedit.org",
		"screenname" : "admin"
	}
}
',
  ),
  'response_headers' => 'HTTP/1.1 301 Moved Permanently
Server: nginx/1.10.0
Date: Tue, 22 Jan 2019 00:58:08 GMT
Content-Type: text/html
Content-Length: 185
Connection: keep-alive
Location: https://em9dev.entermediadb.org/assets/mediadb/services/authentication/login?id=admin&password=admin

HTTP/1.1 200 
Server: nginx/1.10.0
Date: Tue, 22 Jan 2019 00:58:09 GMT
Content-Type: text/json;charset=UTF-8
Transfer-Encoding: chunked
Connection: keep-alive
Cache-Control: proxy-revalidate
Set-Cookie: JSESSIONID=9523714113F29165603E0F91B27D3E90; Path=/; HttpOnly
Access-Control-Allow-Origin: *

',
)

array (
  'request' => 'GET /assets/mediadb/services/authentication/login?id=admin&password=admin HTTP/1.1
Host: em9dev.entermediadb.org
Accept: */*
Referer: http://em9dev.entermediadb.org/assets/mediadb/services/authentication/login?id=admin&password=admin
Content-Type: application/x-www-form-urlencoded
Content-Type: application/json

',
  'request_body' => 
  Closure::__set_state(array(
  )),
  'response' => 
  array (
    0 => 200,
    1 => '{
	"response":
	{
		"status":"ok",
		"user":"admin"
	},
	"results": 
	{ 
		"entermediakey": "adminmd5421c0af185908a6c0c40d50fd5e3f16760d5580bc",
		"firstname": "The",
		"lastname" : "Administrator",
		"email" : "cburkey@openedit.org",
		"screenname" : "admin"
	}
}
',
  ),
  'response_headers' => 'HTTP/1.1 301 Moved Permanently
Server: nginx/1.10.0
Date: Tue, 22 Jan 2019 00:58:09 GMT
Content-Type: text/html
Content-Length: 185
Connection: keep-alive
Location: https://em9dev.entermediadb.org/assets/mediadb/services/authentication/login?id=admin&password=admin

HTTP/1.1 200 
Server: nginx/1.10.0
Date: Tue, 22 Jan 2019 00:58:10 GMT
Content-Type: text/json;charset=UTF-8
Transfer-Encoding: chunked
Connection: keep-alive
Cache-Control: proxy-revalidate
Set-Cookie: JSESSIONID=0F6A6D5F0DB72F2D74E8A2CFB48AD1DC; Path=/; HttpOnly
Access-Control-Allow-Origin: *

',
)

array (
  'request' => 'POST /assets/mediadb/services/module/asset/search HTTP/1.1
Host: em9dev.entermediadb.org
Accept: */*
Referer: http://em9dev.entermediadb.org/assets/mediadb/services/module/asset/search
Cookie: entermedia.key=adminmd5421c0af185908a6c0c40d50fd5e3f16760d5580bc
Content-Type: application/json

',
  'request_body' => '{"page":"1","hitsperpage":"20","showfilters":"true","query":{"terms":[{"field":"id","operator":"matches","value":"AWZV77X0sH-lWt2VlIzE"}]}}',
  'response' => 
  array (
    0 => 500,
    1 => '{ "reponse": {
 "status":"error",{ "path":"/WEB-INF/base/mediadb/services/module/default/search.xconf#JsonDataModule.handleSearch java.lang.NullPointerException",{ "details":"org.openedit.OpenEditException: /WEB-INF/base/mediadb/services/module/default/search.xconf#JsonDataModule.handleSearch java.lang.NullPointerException null"
}',
  ),
  'response_headers' => 'HTTP/1.1 301 Moved Permanently
Server: nginx/1.10.0
Date: Tue, 22 Jan 2019 00:58:10 GMT
Content-Type: text/html
Content-Length: 185
Connection: keep-alive
Location: https://em9dev.entermediadb.org/assets/mediadb/services/module/asset/search

HTTP/1.1 500 
Server: nginx/1.10.0
Date: Tue, 22 Jan 2019 00:58:10 GMT
Content-Type: text/json;charset=UTF-8
Transfer-Encoding: chunked
Connection: keep-alive
Cache-Control: proxy-revalidate
Set-Cookie: JSESSIONID=51E08656488D3206F3FE4E92112D9AEF; Path=/; HttpOnly
Access-Control-Allow-Origin: *

',
)

array (
  'request' => 'GET /assets/mediadb/services/authentication/login?id=admin&password=admin HTTP/1.1
Host: em9dev.entermediadb.org
Accept: */*
Content-Length: 0

',
  'request_body' => 
  Closure::__set_state(array(
  )),
  'response' => 
  array (
    0 => 200,
    1 => '{
	"response":
	{
		"status":"ok",
		"user":"admin"
	},
	"results": 
	{ 
		"entermediakey": "adminmd5421c0af185908a6c0c40d50fd5e3f16760d5580bc",
		"firstname": "The",
		"lastname" : "Administrator",
		"email" : "cburkey@openedit.org",
		"screenname" : "admin"
	}
}
',
  ),
  'response_headers' => 'HTTP/1.1 200 
Server: nginx/1.10.0
Date: Tue, 22 Jan 2019 00:58:51 GMT
Content-Type: text/json;charset=UTF-8
Transfer-Encoding: chunked
Connection: keep-alive
Cache-Control: proxy-revalidate
Set-Cookie: JSESSIONID=369B9C03E65C171C8AF03F6CD58295F8; Path=/; HttpOnly
Access-Control-Allow-Origin: *

',
)

array (
  'request' => 'GET /assets/mediadb/services/authentication/login?id=admin&password=admin HTTP/1.1
Host: em9dev.entermediadb.org
Accept: */*
Content-Length: 0

',
  'request_body' => 
  Closure::__set_state(array(
  )),
  'response' => 
  array (
    0 => 200,
    1 => '{
	"response":
	{
		"status":"ok",
		"user":"admin"
	},
	"results": 
	{ 
		"entermediakey": "adminmd5421c0af185908a6c0c40d50fd5e3f16760d5580bc",
		"firstname": "The",
		"lastname" : "Administrator",
		"email" : "cburkey@openedit.org",
		"screenname" : "admin"
	}
}
',
  ),
  'response_headers' => 'HTTP/1.1 200 
Server: nginx/1.10.0
Date: Tue, 22 Jan 2019 00:58:52 GMT
Content-Type: text/json;charset=UTF-8
Transfer-Encoding: chunked
Connection: keep-alive
Cache-Control: proxy-revalidate
Set-Cookie: JSESSIONID=6A1DE3C5D6FC07FB19427B14898DEA3F; Path=/; HttpOnly
Access-Control-Allow-Origin: *

',
)

array (
  'request' => 'GET /assets/mediadb/services/authentication/login?id=admin&password=admin HTTP/1.1
Host: em9dev.entermediadb.org
Accept: */*
Content-Length: 0

',
  'request_body' => 
  Closure::__set_state(array(
  )),
  'response' => 
  array (
    0 => 200,
    1 => '{
	"response":
	{
		"status":"ok",
		"user":"admin"
	},
	"results": 
	{ 
		"entermediakey": "adminmd5421c0af185908a6c0c40d50fd5e3f16760d5580bc",
		"firstname": "The",
		"lastname" : "Administrator",
		"email" : "cburkey@openedit.org",
		"screenname" : "admin"
	}
}
',
  ),
  'response_headers' => 'HTTP/1.1 200 
Server: nginx/1.10.0
Date: Tue, 22 Jan 2019 00:58:52 GMT
Content-Type: text/json;charset=UTF-8
Transfer-Encoding: chunked
Connection: keep-alive
Cache-Control: proxy-revalidate
Set-Cookie: JSESSIONID=2AA8C39AF5A448CDB3A24A70A12773D3; Path=/; HttpOnly
Access-Control-Allow-Origin: *

',
)

array (
  'request' => 'POST /assets/mediadb/services/module/asset/search HTTP/1.1
Host: em9dev.entermediadb.org
Accept: */*
Cookie: entermedia.key=adminmd5421c0af185908a6c0c40d50fd5e3f16760d5580bc
Content-Type: application/json
Content-Length: 139

',
  'request_body' => '{"page":"1","hitsperpage":"20","showfilters":"true","query":{"terms":[{"field":"id","operator":"matches","value":"AWZV77X0sH-lWt2VlIzE"}]}}',
  'response' => 
  array (
    0 => 200,
    1 => '
{
	"response":
		{
		    "status":"ok",
			"totalhits" : 1,
			"searchtype" : "asset",
			"hitsperpage": 20,			
			"page": 1,
			"pages": 1,
			"hitsessionid": "hitsassetassets/catalog",
			"query":
			{
				"friendly": "Id:AWZV77X0sH-lWt2VlIzE sort filesizeDown "
,
				"terms":[
					 { "id":"id","operation": "matches"
,"value": "AWZV77X0sH-lWt2VlIzE"
					 }
				]	
			}
		},
	"results":[
		{

"sourcepath": "Collections\\/admin\\/Work\\/blank-business-clean-891679.jpg"
,"category-exact":[
{
	"id":"AWZV7iQEsH-lWt2VlIzC",
	"name": "Work"
}
,{
	"id":"AWaHa0nXE1F913vXyH4k",
	"name": "test 3 items"
}
,{
	"id":"AWaHbdzbE1F913vXyH48",
	"name": "test"
}
]
,"isfolder": "false"
,"category":[
{
	"id":"AWZV7iQEsH-lWt2VlIzC",
	"name": "Work"
}
,{
	"id":"AWZV7F8_sH-lWt2VlIyx",
	"name": "Collections"
}
,{
	"id":"AWZV7F9csH-lWt2VlIyy",
	"name": "admin"
}
,{
	"id":"index",
	"name": "Index"
}
,{
	"id":"AWaHa0nXE1F913vXyH4k",
	"name": "test 3 items"
}
,{
	"id":"AWaHbdzbE1F913vXyH48",
	"name": "test"
}
]
,"assettype":{
	"id":"photo",
	"name": "Photos"
}
,"hasfulltext": "false"
,"pages": "0"
,"assetviews": "1"
,"assetvotes": "0"
,"bitspersample": "8"
,"fileformat":{
	"id":"jpg",
	"name": "JPG"
}
,"filesize": "748058"
,"width": "5000"
,"height": "3108"
,"assetmodificationdate":"2018-10-08T19:07:44"
,"recordmodificationdate":"2019-01-21T11:58:22"
,"assetaddeddate":"2018-10-08T19:07:44"
,"owner":{
	"id":"admin",
	"name": "The Administrator"
}
,"importstatus":{
	"id":"complete",
	"name": "Complete"
}
,"previewstatus":{
	"id":"2",
	"name": "Conversions Complete"
}
,"editstatus":{
	"id":"1",
	"name": "Pending"
}
,"longcaption": "Workstation"
,"publisheds3": "false"
,"md5hex": "d8d9deafdcbf2504d4a91f106f51cddd"
,"duplicate": "false"
,"badge":[
{
	"id":"asset_assetexpired_false",
	"name": ""
}
,{
	"id":"asset_editstatus_1",
	"name": "Pending"
}
,{
	"id":"asset_haschat_false",
	"name": ""
}
,{
	"id":"asset_duplicate_false",
	"name": ""
}
,{
	"id":"asset_islocked_false",
	"name": ""
}
]
,"assetexpired": "false"
,"mastereditclusterid": "template9dev-cluster"
,"haschat": "false"
,"islocked": "false"
,"googletagged": "true"
,"googlekeywords":[
{
	"id":"product",
	"name": ""
}
,{
	"id":"laptop",
	"name": ""
}
,{
	"id":"furniture",
	"name": ""
}
,{
	"id":"display device",
	"name": ""
}
,{
	"id":"computer monitor",
	"name": ""
}
,{
	"id":"personal computer",
	"name": ""
}
,{
	"id":"table",
	"name": ""
}
,{
	"id":"multimedia",
	"name": ""
}
,{
	"id":"Laptop",
	"name": ""
}
,{
	"id":"Table",
	"name": ""
}
,{
	"id":"Furniture",
	"name": ""
}
]
,"pushstatus":{
	"id":"resend",
	"name": "Resend"
}
,"fromviz": "false"
,"id": "AWZV77X0sH-lWt2VlIzE"
,"name": "blank-business-clean-891679.jpg"
,"datatype":{
	"id":"original",
	"name": ""
}
,"collectionid": "AWZV7iPYsH-lWt2VlIzB"
			
			
			
			
			
			
			,"downloads":[
		{	
			"name": "Image Large"
,	
			"id": "largeimage"
,	

						"outputfile": ""
,
			"url":"/assets/mediadb/services/module/asset/downloads/preset/Collections/admin/Work/blank-business-clean-891679.jpg/image1024x768.jpg",
			"downloadurl":"/assets/mediadb/services/module/asset/downloads/generated/Collections/admin/Work/blank-business-clean-891679.jpg/image1024x768.jpg/blank-business-clean-891679L.jpg?includemetadata=true",
			"iscomplete":"true"
		
		}
		
		
, 		{	
			"name": "Image Medium Small"
,	
			"id": "mediumimagesmall"
,	

						"outputfile": ""
,
			"url":"/assets/mediadb/services/module/asset/downloads/preset/Collections/admin/Work/blank-business-clean-891679.jpg/image300x300.jpg",
			"downloadurl":"/assets/mediadb/services/module/asset/downloads/generated/Collections/admin/Work/blank-business-clean-891679.jpg/image300x300.jpg/blank-business-clean-891679M.jpg?includemetadata=true",
			"iscomplete":"false"
		
		}
		
		
, 		{	
			"name": "Image Medium"
,	
			"id": "mediumimage"
,	

						"outputfile": ""
,
			"url":"/assets/mediadb/services/module/asset/downloads/preset/Collections/admin/Work/blank-business-clean-891679.jpg/image550x350.jpg",
			"downloadurl":"/assets/mediadb/services/module/asset/downloads/generated/Collections/admin/Work/blank-business-clean-891679.jpg/image550x350.jpg/blank-business-clean-891679M.jpg?includemetadata=true",
			"iscomplete":"true"
		
		}
		
		
, 		{	
			"name": "Image Thumbnail"
,	
			"id": "thumbimage"
,	

						"outputfile": ""
,
			"url":"/assets/mediadb/services/module/asset/downloads/preset/Collections/admin/Work/blank-business-clean-891679.jpg/image200x200.jpg",
			"downloadurl":"/assets/mediadb/services/module/asset/downloads/generated/Collections/admin/Work/blank-business-clean-891679.jpg/image200x200.jpg/blank-business-clean-891679S.jpg?includemetadata=true",
			"iscomplete":"true"
		
		}
		
		
, 		{	
			"name": "Small Crop"
,	
			"id": "imagecrop"
,	

						"outputfile": ""
,
			"url":"/assets/mediadb/services/module/asset/downloads/preset/Collections/admin/Work/blank-business-clean-891679.jpg/image110x62cropped.jpg",
			"downloadurl":"/assets/mediadb/services/module/asset/downloads/generated/Collections/admin/Work/blank-business-clean-891679.jpg/image110x62cropped.jpg/blank-business-clean-891679110x62cropped.jpg?includemetadata=true",
			"iscomplete":"true"
		
		}
		
		
, 		{	
			"name": "Widescreen Banner Crop"
,	
			"id": "widesscreencrop"
,	

						"outputfile": ""
,
			"url":"/assets/mediadb/services/module/asset/downloads/preset/Collections/admin/Work/blank-business-clean-891679.jpg/image1920x500cropped.jpg",
			"downloadurl":"/assets/mediadb/services/module/asset/downloads/generated/Collections/admin/Work/blank-business-clean-891679.jpg/image1920x500cropped.jpg/blank-business-clean-8916791920x500cropped.jpg?includemetadata=true",
			"iscomplete":"false"
		
		}
		
		
, 		{	
			"name": "Image Large FPO"
,	
			"id": "imagepreviewfpo"
,	

						"outputfile": ""
,
			"url":"/assets/mediadb/services/module/asset/downloads/preset/Collections/admin/Work/blank-business-clean-891679.jpg/image1024x768wm.jpg",
			"downloadurl":"/assets/mediadb/services/module/asset/downloads/generated/Collections/admin/Work/blank-business-clean-891679.jpg/image1024x768wm.jpg/blank-business-clean-8916791024x768-fpo.jpg?includemetadata=true",
			"iscomplete":"false"
		
		}
		
		
		]
			
			
			
			
			
			
			
			
			
		}
		]		
}
',
  ),
  'response_headers' => 'HTTP/1.1 200 
Server: nginx/1.10.0
Date: Tue, 22 Jan 2019 00:58:53 GMT
Content-Type: text/json;charset=UTF-8
Transfer-Encoding: chunked
Connection: keep-alive
Cache-Control: proxy-revalidate
Set-Cookie: JSESSIONID=23523B15FA2C4435F61FB7EA3990E76F; Path=/; HttpOnly
Access-Control-Allow-Origin: *

',
)

